<?xml version="1.0" encoding="utf-8"?><testsuites name="pytest tests"><testsuite name="pytest" errors="0" failures="0" skipped="0" tests="11" time="14.466" timestamp="2026-03-07T00:28:25.948002+00:00" hostname="agent-env-a1bca7e3-e6b2-4251-96b3-f2756e421ad7"><testcase classname="backend.tests.test_email_verification.TestEmailVerificationSystem" name="test_register_new_user_returns_success" time="1.427" /><testcase classname="backend.tests.test_email_verification.TestEmailVerificationSystem" name="test_register_duplicate_email_fails" time="1.961" /><testcase classname="backend.tests.test_email_verification.TestEmailVerificationSystem" name="test_register_invalid_email_fails" time="0.411" /><testcase classname="backend.tests.test_email_verification.TestEmailVerificationSystem" name="test_login_unverified_user_blocked" time="1.830" /><testcase classname="backend.tests.test_email_verification.TestEmailVerificationSystem" name="test_login_wrong_credentials_returns_401" time="0.725" /><testcase classname="backend.tests.test_email_verification.TestEmailVerificationSystem" name="test_resend_verification_for_unverified_user" time="2.392" /><testcase classname="backend.tests.test_email_verification.TestEmailVerificationSystem" name="test_resend_verification_nonexistent_email_still_returns_200" time="0.743" /><testcase classname="backend.tests.test_email_verification.TestEmailVerificationSystem" name="test_verify_email_invalid_token_fails" time="0.685" /><testcase classname="backend.tests.test_email_verification.TestEmailVerificationSystem" name="test_verify_email_missing_token_fails" time="0.399" /><testcase classname="backend.tests.test_email_verification.TestEmailVerificationSystem" name="test_full_verification_workflow_simulation" time="3.117" /><testcase classname="backend.tests.test_email_verification.TestVerifiedUserLogin" name="test_verified_user_can_login" time="0.727" /></testsuite></testsuites>