<?xml version="1.0" encoding="utf-8"?><testsuites name="pytest tests"><testsuite name="pytest" errors="0" failures="2" skipped="0" tests="15" time="34.833" timestamp="2026-02-08T08:16:24.954750+00:00" hostname="agent-env-ab1b7517-8799-4222-8a6a-f3aa0ff4a2ba"><testcase classname="backend.tests.test_tyre_and_export.TestAuth" name="test_login_success" time="3.126" /><testcase classname="backend.tests.test_tyre_and_export.TestSetupTyreFields" name="test_create_setup_with_tyre_fields" time="3.057" /><testcase classname="backend.tests.test_tyre_and_export.TestSetupTyreFields" name="test_create_setup_with_medium_compound" time="1.314" /><testcase classname="backend.tests.test_tyre_and_export.TestSetupTyreFields" name="test_create_setup_with_hard_compound" time="1.292" /><testcase classname="backend.tests.test_tyre_and_export.TestSetupTyreFields" name="test_create_setup_with_worn_condition" time="1.300" /><testcase classname="backend.tests.test_tyre_and_export.TestSetupTyreFields" name="test_get_setup_with_tyre_fields" time="2.223" /><testcase classname="backend.tests.test_tyre_and_export.TestSetupTyreFields" name="test_update_setup_tyre_fields" time="1.375"><failure message="assert 520 == 200&#10; +  where 520 = &lt;Response [520]&gt;.status_code">backend/tests/test_tyre_and_export.py:225: in test_update_setup_tyre_fields
    assert update_response.status_code == 200
E   assert 520 == 200
E    +  where 520 = &lt;Response [520]&gt;.status_code</failure></testcase><testcase classname="backend.tests.test_tyre_and_export.TestSetupTyreFields" name="test_get_vehicle_setups_includes_tyre_fields" time="1.022" /><testcase classname="backend.tests.test_tyre_and_export.TestDataExportImport" name="test_export_data_endpoint" time="3.039"><failure message="AssertionError: assert 'tyre_compound' in {'aero_front': '', 'aero_rear': '', 'arb_front': 0, 'arb_rear': 0, ...}">backend/tests/test_tyre_and_export.py:297: in test_export_data_endpoint
    assert "tyre_compound" in setup
E   AssertionError: assert 'tyre_compound' in {'aero_front': '', 'aero_rear': '', 'arb_front': 0, 'arb_rear': 0, ...}</failure></testcase><testcase classname="backend.tests.test_tyre_and_export.TestDataExportImport" name="test_export_data_contains_vehicles" time="2.448" /><testcase classname="backend.tests.test_tyre_and_export.TestDataExportImport" name="test_import_data_endpoint_empty" time="0.730" /><testcase classname="backend.tests.test_tyre_and_export.TestDataExportImport" name="test_import_data_with_vehicle" time="1.015" /><testcase classname="backend.tests.test_tyre_and_export.TestDataExportImport" name="test_import_data_with_setup_tyre_fields" time="1.757" /><testcase classname="backend.tests.test_tyre_and_export.TestCleanup" name="test_cleanup_test_setups" time="9.958" /><testcase classname="backend.tests.test_tyre_and_export.TestCleanup" name="test_cleanup_test_vehicles" time="1.034" /></testsuite></testsuites>